TN:
SF:src\services\ai-features.service.ts
FN:21,(anonymous_0)
FN:28,(anonymous_1)
FN:54,(anonymous_2)
FN:71,(anonymous_3)
FN:79,(anonymous_4)
FN:117,(anonymous_5)
FN:137,(anonymous_6)
FN:147,(anonymous_7)
FN:152,(anonymous_8)
FN:169,(anonymous_9)
FN:171,(anonymous_10)
FN:172,(anonymous_11)
FN:173,(anonymous_12)
FN:192,(anonymous_13)
FN:203,(anonymous_14)
FN:206,(anonymous_15)
FN:208,(anonymous_16)
FN:222,(anonymous_17)
FNF:18
FNH:17
FNDA:3,(anonymous_0)
FNDA:3,(anonymous_1)
FNDA:2,(anonymous_2)
FNDA:1,(anonymous_3)
FNDA:0,(anonymous_4)
FNDA:5,(anonymous_5)
FNDA:3,(anonymous_6)
FNDA:7,(anonymous_7)
FNDA:4,(anonymous_8)
FNDA:4,(anonymous_9)
FNDA:3,(anonymous_10)
FNDA:1,(anonymous_11)
FNDA:1,(anonymous_12)
FNDA:1,(anonymous_13)
FNDA:2,(anonymous_14)
FNDA:2,(anonymous_15)
FNDA:1,(anonymous_16)
FNDA:3,(anonymous_17)
DA:9,1
DA:11,1
DA:12,1
DA:21,1
DA:26,3
DA:29,3
DA:36,3
DA:38,3
DA:54,1
DA:68,2
DA:72,1
DA:77,2
DA:80,0
DA:81,0
DA:84,0
DA:85,0
DA:92,2
DA:117,1
DA:120,5
DA:126,5
DA:127,5
DA:137,1
DA:139,3
DA:140,3
DA:141,2
DA:142,2
DA:147,1
DA:151,7
DA:157,4
DA:159,4
DA:160,1
DA:166,3
DA:169,4
DA:171,3
DA:172,3
DA:173,1
DA:177,3
DA:179,3
DA:180,0
DA:183,3
DA:184,3
DA:185,3
DA:188,3
DA:189,3
DA:192,1
DA:199,1
DA:203,2
DA:205,2
DA:206,2
DA:209,1
DA:210,1
DA:219,2
DA:226,3
DA:227,3
DA:228,1
DA:231,2
DA:232,2
DA:233,2
DA:235,2
LF:59
LH:54
BRDA:31,0,0,1
BRDA:31,0,1,2
BRDA:32,1,0,1
BRDA:32,1,1,2
BRDA:36,2,0,0
BRDA:36,2,1,3
BRDA:68,3,0,1
BRDA:68,3,1,1
BRDA:72,4,0,1
BRDA:72,4,1,0
BRDA:77,5,0,0
BRDA:77,5,1,2
BRDA:84,6,0,0
BRDA:84,6,1,0
BRDA:126,7,0,5
BRDA:126,7,1,5
BRDA:141,8,0,0
BRDA:141,8,1,2
BRDA:159,9,0,1
BRDA:159,9,1,3
BRDA:177,10,0,1
BRDA:177,10,1,2
BRDA:179,11,0,0
BRDA:179,11,1,3
BRDA:227,12,0,1
BRDA:227,12,1,2
BRF:26
BRH:19
end_of_record
TN:
SF:src\services\ai.service.ts
FN:18,(anonymous_1)
FN:19,(anonymous_2)
FNF:2
FNH:2
FNDA:1,(anonymous_1)
FNDA:3,(anonymous_2)
DA:1,1
DA:2,1
DA:18,1
DA:25,3
DA:26,2
DA:27,2
DA:31,2
DA:35,1
DA:36,1
DA:37,1
DA:38,1
LF:11
LH:11
BRDA:25,0,0,2
BRDA:25,0,1,1
BRDA:31,1,0,2
BRDA:31,1,1,1
BRF:4
BRH:4
end_of_record
TN:
SF:src\services\allocation.service.ts
FN:10,(anonymous_0)
FN:25,(anonymous_1)
FN:30,(anonymous_2)
FN:42,(anonymous_3)
FN:46,(anonymous_4)
FN:51,(anonymous_5)
FN:97,(anonymous_6)
FN:107,(anonymous_7)
FNF:8
FNH:6
FNDA:13,(anonymous_0)
FNDA:10,(anonymous_1)
FNDA:5,(anonymous_2)
FNDA:0,(anonymous_3)
FNDA:0,(anonymous_4)
FNDA:7,(anonymous_5)
FNDA:2,(anonymous_6)
FNDA:1,(anonymous_7)
DA:5,1
DA:7,1
DA:8,1
DA:10,1
DA:11,13
DA:12,12
DA:15,1
DA:25,1
DA:30,10
DA:31,5
DA:32,5
DA:33,1
DA:35,4
DA:36,1
DA:38,3
DA:41,10
DA:43,0
DA:47,0
DA:48,0
DA:52,7
DA:53,1
DA:55,6
DA:56,1
DA:58,5
DA:59,1
DA:62,4
DA:63,2
DA:64,0
DA:67,2
DA:68,2
DA:69,0
DA:71,2
DA:72,0
DA:75,2
DA:80,2
DA:81,1
DA:87,1
DA:94,1
DA:98,2
DA:99,2
DA:100,1
DA:102,1
DA:103,1
DA:104,1
DA:108,1
LF:45
LH:39
BRDA:11,0,0,1
BRDA:11,0,1,12
BRDA:32,1,0,1
BRDA:32,1,1,4
BRDA:35,2,0,1
BRDA:35,2,1,3
BRDA:52,3,0,1
BRDA:52,3,1,6
BRDA:52,4,0,7
BRDA:52,4,1,6
BRDA:55,5,0,1
BRDA:55,5,1,5
BRDA:58,6,0,1
BRDA:58,6,1,4
BRDA:58,7,0,5
BRDA:58,7,1,4
BRDA:63,8,0,0
BRDA:63,8,1,2
BRDA:68,9,0,0
BRDA:68,9,1,2
BRDA:71,10,0,0
BRDA:71,10,1,2
BRDA:80,11,0,1
BRDA:80,11,1,1
BRDA:99,12,0,1
BRDA:99,12,1,1
BRF:26
BRH:23
end_of_record
TN:
SF:src\services\auth.service.ts
FN:19,(anonymous_1)
FN:21,(anonymous_2)
FN:30,(anonymous_3)
FN:58,(anonymous_4)
FNF:4
FNH:4
FNDA:6,(anonymous_1)
FNDA:6,(anonymous_2)
FNDA:3,(anonymous_3)
FNDA:2,(anonymous_4)
DA:1,1
DA:2,1
DA:3,1
DA:8,1
DA:9,1
DA:11,1
DA:19,1
DA:21,6
DA:22,6
DA:23,2
DA:24,4
DA:25,2
DA:26,2
DA:29,6
DA:32,3
DA:33,3
DA:36,2
DA:37,2
DA:40,1
DA:46,1
DA:50,1
DA:59,2
DA:60,2
DA:62,1
DA:63,1
LF:25
LH:25
BRDA:22,0,0,2
BRDA:22,0,1,4
BRDA:24,1,0,2
BRDA:24,1,1,2
BRDA:33,2,0,1
BRDA:33,2,1,2
BRDA:37,3,0,1
BRDA:37,3,1,1
BRDA:60,4,0,1
BRDA:60,4,1,1
BRF:10
BRH:10
end_of_record
TN:
SF:src\services\employee.service.ts
FN:32,(anonymous_0)
FN:37,(anonymous_1)
FN:41,(anonymous_2)
FN:49,(anonymous_3)
FN:57,(anonymous_4)
FN:69,(anonymous_5)
FN:81,(anonymous_6)
FN:101,(anonymous_7)
FN:105,(anonymous_8)
FN:113,(anonymous_9)
FN:121,(anonymous_10)
FNF:11
FNH:11
FNDA:21,(anonymous_0)
FNDA:1,(anonymous_1)
FNDA:2,(anonymous_2)
FNDA:2,(anonymous_3)
FNDA:2,(anonymous_4)
FNDA:3,(anonymous_5)
FNDA:4,(anonymous_6)
FNDA:1,(anonymous_7)
FNDA:2,(anonymous_8)
FNDA:2,(anonymous_9)
FNDA:2,(anonymous_10)
DA:12,1
DA:32,1
DA:36,21
DA:38,1
DA:42,2
DA:43,2
DA:44,1
DA:46,1
DA:50,2
DA:51,2
DA:52,1
DA:54,1
DA:58,2
DA:59,2
DA:60,0
DA:62,2
DA:63,2
DA:66,2
DA:70,3
DA:71,3
DA:72,1
DA:74,2
DA:75,1
DA:77,1
DA:78,1
DA:82,4
DA:83,4
DA:84,1
DA:86,3
DA:87,3
DA:88,1
DA:90,2
DA:91,1
DA:94,1
DA:95,0
DA:96,0
DA:98,1
DA:102,1
DA:106,2
DA:107,2
DA:108,1
DA:110,1
DA:114,2
DA:115,2
DA:116,1
DA:118,1
DA:122,2
DA:123,2
DA:124,1
DA:126,1
LF:50
LH:47
BRDA:43,0,0,1
BRDA:43,0,1,1
BRDA:51,1,0,1
BRDA:51,1,1,1
BRDA:59,2,0,0
BRDA:59,2,1,2
BRDA:63,3,0,1
BRDA:63,3,1,1
BRDA:71,4,0,1
BRDA:71,4,1,2
BRDA:74,5,0,1
BRDA:74,5,1,1
BRDA:83,6,0,1
BRDA:83,6,1,3
BRDA:87,7,0,1
BRDA:87,7,1,2
BRDA:90,8,0,1
BRDA:90,8,1,1
BRDA:90,9,0,2
BRDA:90,9,1,1
BRDA:94,10,0,0
BRDA:94,10,1,1
BRDA:94,11,0,1
BRDA:94,11,1,0
BRDA:107,12,0,1
BRDA:107,12,1,1
BRDA:115,13,0,1
BRDA:115,13,1,1
BRDA:123,14,0,1
BRDA:123,14,1,1
BRF:30
BRH:27
end_of_record
TN:
SF:src\services\manager.service.ts
FN:15,(anonymous_0)
FN:24,(anonymous_1)
FN:29,(anonymous_2)
FN:36,(anonymous_3)
FN:41,(anonymous_4)
FN:45,(anonymous_5)
FN:46,(anonymous_6)
FN:50,(anonymous_7)
FN:65,(anonymous_8)
FN:71,(anonymous_9)
FN:75,(anonymous_10)
FN:92,(anonymous_11)
FNF:12
FNH:11
FNDA:2,(anonymous_0)
FNDA:7,(anonymous_1)
FNDA:2,(anonymous_2)
FNDA:0,(anonymous_3)
FNDA:1,(anonymous_4)
FNDA:2,(anonymous_5)
FNDA:2,(anonymous_6)
FNDA:2,(anonymous_7)
FNDA:1,(anonymous_8)
FNDA:1,(anonymous_9)
FNDA:3,(anonymous_10)
FNDA:2,(anonymous_11)
DA:4,1
DA:13,1
DA:15,2
DA:24,1
DA:29,7
DA:30,2
DA:31,2
DA:36,0
DA:40,7
DA:42,1
DA:43,1
DA:44,1
DA:45,2
DA:46,2
DA:51,2
DA:52,2
DA:53,1
DA:55,1
DA:60,1
DA:65,1
DA:72,1
DA:76,3
DA:77,3
DA:78,1
DA:81,2
DA:82,2
DA:87,2
DA:92,2
LF:28
LH:27
BRDA:52,0,0,1
BRDA:52,0,1,1
BRDA:77,1,0,1
BRDA:77,1,1,2
BRDA:96,2,0,2
BRDA:96,2,1,1
BRF:6
BRH:6
end_of_record
TN:
SF:src\services\project.service.ts
FN:17,(anonymous_0)
FN:23,(anonymous_1)
FN:46,(anonymous_2)
FN:51,(anonymous_3)
FN:55,(anonymous_4)
FN:63,(anonymous_5)
FN:83,(anonymous_6)
FN:117,(anonymous_7)
FN:124,(anonymous_8)
FN:125,(anonymous_9)
FN:126,(anonymous_10)
FN:135,(anonymous_11)
FN:152,(anonymous_12)
FN:161,(anonymous_13)
FNF:14
FNH:7
FNDA:9,(anonymous_0)
FNDA:3,(anonymous_1)
FNDA:11,(anonymous_2)
FNDA:1,(anonymous_3)
FNDA:2,(anonymous_4)
FNDA:6,(anonymous_5)
FNDA:0,(anonymous_6)
FNDA:0,(anonymous_7)
FNDA:0,(anonymous_8)
FNDA:0,(anonymous_9)
FNDA:0,(anonymous_10)
FNDA:0,(anonymous_11)
FNDA:2,(anonymous_12)
FNDA:0,(anonymous_13)
DA:4,1
DA:13,1
DA:15,1
DA:17,1
DA:18,9
DA:19,8
DA:20,8
DA:23,1
DA:27,3
DA:28,3
DA:29,1
DA:31,2
DA:32,1
DA:46,1
DA:50,11
DA:52,1
DA:56,2
DA:57,2
DA:58,1
DA:60,1
DA:64,6
DA:65,1
DA:67,5
DA:68,1
DA:70,4
DA:71,1
DA:73,3
DA:74,0
DA:76,3
DA:77,0
DA:79,3
DA:80,1
DA:84,0
DA:85,0
DA:86,0
DA:89,0
DA:90,0
DA:92,0
DA:93,0
DA:95,0
DA:96,0
DA:98,0
DA:99,0
DA:101,0
DA:102,0
DA:104,0
DA:105,0
DA:107,0
DA:108,0
DA:110,0
DA:111,0
DA:114,0
DA:118,0
DA:119,0
DA:120,0
DA:122,0
DA:123,0
DA:124,0
DA:125,0
DA:126,0
DA:127,0
DA:136,0
DA:137,0
DA:138,0
DA:140,0
DA:141,0
DA:143,0
DA:144,0
DA:146,0
DA:147,0
DA:149,0
DA:153,2
DA:154,0
DA:156,2
DA:157,2
DA:158,1
DA:160,1
DA:161,1
LF:78
LH:36
BRDA:18,0,0,1
BRDA:18,0,1,8
BRDA:28,1,0,1
BRDA:28,1,1,2
BRDA:31,2,0,1
BRDA:31,2,1,1
BRDA:31,3,0,2
BRDA:31,3,1,1
BRDA:57,4,0,1
BRDA:57,4,1,1
BRDA:64,5,0,1
BRDA:64,5,1,5
BRDA:64,6,0,6
BRDA:64,6,1,6
BRDA:67,7,0,1
BRDA:67,7,1,4
BRDA:67,8,0,5
BRDA:67,8,1,4
BRDA:70,9,0,1
BRDA:70,9,1,3
BRDA:73,10,0,0
BRDA:73,10,1,3
BRDA:76,11,0,0
BRDA:76,11,1,3
BRDA:85,12,0,0
BRDA:85,12,1,0
BRDA:89,13,0,0
BRDA:89,13,1,0
BRDA:90,14,0,0
BRDA:90,14,1,0
BRDA:92,15,0,0
BRDA:92,15,1,0
BRDA:92,16,0,0
BRDA:92,16,1,0
BRDA:95,17,0,0
BRDA:95,17,1,0
BRDA:95,18,0,0
BRDA:95,18,1,0
BRDA:98,19,0,0
BRDA:98,19,1,0
BRDA:98,20,0,0
BRDA:98,20,1,0
BRDA:101,21,0,0
BRDA:101,21,1,0
BRDA:104,22,0,0
BRDA:104,22,1,0
BRDA:104,23,0,0
BRDA:104,23,1,0
BRDA:107,24,0,0
BRDA:107,24,1,0
BRDA:107,25,0,0
BRDA:107,25,1,0
BRDA:110,26,0,0
BRDA:110,26,1,0
BRDA:119,27,0,0
BRDA:119,27,1,0
BRDA:137,28,0,0
BRDA:137,28,1,0
BRDA:140,29,0,0
BRDA:140,29,1,0
BRDA:140,30,0,0
BRDA:140,30,1,0
BRDA:143,31,0,0
BRDA:143,31,1,0
BRDA:146,32,0,0
BRDA:146,32,1,0
BRDA:153,33,0,0
BRDA:153,33,1,2
BRDA:157,34,0,1
BRDA:157,34,1,1
BRF:70
BRH:25
end_of_record
TN:
SF:src\services\scheduler.service.ts
FN:10,(anonymous_0)
FN:11,(anonymous_1)
FN:27,(anonymous_2)
FNF:3
FNH:0
FNDA:0,(anonymous_0)
FNDA:0,(anonymous_1)
FNDA:0,(anonymous_2)
DA:2,0
DA:3,0
DA:10,0
DA:12,0
DA:14,0
DA:15,0
DA:17,0
DA:18,0
DA:20,0
DA:24,0
DA:28,0
LF:11
LH:0
BRF:0
BRH:0
end_of_record
TN:
SF:src\services\system-config.service.ts
FN:7,(anonymous_0)
FN:10,(anonymous_1)
FN:25,(anonymous_2)
FN:28,(anonymous_3)
FN:33,(anonymous_4)
FNF:5
FNH:5
FNDA:17,(anonymous_0)
FNDA:17,(anonymous_1)
FNDA:9,(anonymous_2)
FNDA:4,(anonymous_3)
FNDA:5,(anonymous_4)
DA:4,1
DA:5,1
DA:7,1
DA:8,17
DA:10,17
DA:18,1
DA:25,1
DA:27,9
DA:29,4
DA:30,4
DA:34,5
DA:35,5
DA:36,1
DA:38,4
DA:39,4
DA:40,1
DA:42,3
DA:43,3
LF:18
LH:18
BRDA:8,0,0,5
BRDA:8,0,1,12
BRDA:8,1,0,17
BRDA:8,1,1,7
BRDA:35,2,0,1
BRDA:35,2,1,4
BRDA:35,3,0,5
BRDA:35,3,1,2
BRDA:39,4,0,1
BRDA:39,4,1,3
BRF:10
BRH:10
end_of_record
TN:
SF:src\services\timesheet.service.ts
FN:18,(anonymous_0)
FN:20,(anonymous_1)
FN:36,(anonymous_2)
FN:40,(anonymous_3)
FN:47,(anonymous_4)
FN:62,(anonymous_5)
FN:96,(anonymous_6)
FN:98,(anonymous_7)
FN:102,(anonymous_8)
FN:106,(anonymous_9)
FN:112,(anonymous_10)
FN:119,(anonymous_11)
FN:125,(anonymous_12)
FNF:13
FNH:7
FNDA:9,(anonymous_0)
FNDA:6,(anonymous_1)
FNDA:10,(anonymous_2)
FNDA:3,(anonymous_3)
FNDA:7,(anonymous_4)
FNDA:3,(anonymous_5)
FNDA:1,(anonymous_6)
FNDA:0,(anonymous_7)
FNDA:0,(anonymous_8)
FNDA:0,(anonymous_9)
FNDA:0,(anonymous_10)
FNDA:0,(anonymous_11)
FNDA:0,(anonymous_12)
DA:11,1
DA:13,1
DA:14,1
DA:15,1
DA:16,1
DA:18,9
DA:20,1
DA:21,6
DA:22,6
DA:23,6
DA:36,1
DA:39,10
DA:41,3
DA:42,2
DA:44,1
DA:48,7
DA:49,1
DA:51,6
DA:52,6
DA:53,6
DA:54,6
DA:55,1
DA:57,5
DA:58,1
DA:61,4
DA:62,4
DA:64,4
DA:65,4
DA:66,4
DA:67,4
DA:68,1
DA:70,3
DA:71,1
DA:73,2
DA:74,2
DA:75,1
DA:79,1
DA:81,1
DA:82,0
DA:85,1
DA:86,1
DA:88,0
DA:89,0
DA:90,0
DA:92,0
DA:96,1
DA:97,1
DA:98,1
DA:103,0
DA:107,0
DA:108,0
DA:109,0
DA:113,0
DA:114,0
DA:116,0
DA:120,0
DA:121,0
DA:122,0
DA:126,0
LF:59
LH:43
BRDA:41,0,0,2
BRDA:41,0,1,1
BRDA:41,1,0,3
BRDA:41,1,1,2
BRDA:48,2,0,1
BRDA:48,2,1,6
BRDA:48,3,0,7
BRDA:48,3,1,7
BRDA:54,4,0,1
BRDA:54,4,1,5
BRDA:57,5,0,1
BRDA:57,5,1,4
BRDA:67,6,0,1
BRDA:67,6,1,3
BRDA:70,7,0,1
BRDA:70,7,1,2
BRDA:74,8,0,1
BRDA:74,8,1,1
BRDA:81,9,0,0
BRDA:81,9,1,1
BRDA:89,10,0,0
BRDA:89,10,1,0
BRDA:108,11,0,0
BRDA:108,11,1,0
BRDA:113,12,0,0
BRDA:113,12,1,0
BRDA:113,13,0,0
BRDA:113,13,1,0
BRDA:121,14,0,0
BRDA:121,14,1,0
BRF:30
BRH:19
end_of_record
TN:
SF:src\services\user.service.ts
FN:17,(anonymous_1)
FN:21,(anonymous_2)
FN:56,(anonymous_3)
FN:60,(anonymous_4)
FN:68,(anonymous_5)
FN:83,(anonymous_6)
FN:94,(anonymous_7)
FNF:7
FNH:5
FNDA:9,(anonymous_1)
FNDA:4,(anonymous_2)
FNDA:1,(anonymous_3)
FNDA:2,(anonymous_4)
FNDA:2,(anonymous_5)
FNDA:0,(anonymous_6)
FNDA:0,(anonymous_7)
DA:1,1
DA:6,1
DA:17,1
DA:20,9
DA:22,4
DA:23,4
DA:24,1
DA:27,3
DA:28,3
DA:29,1
DA:32,2
DA:33,2
DA:34,1
DA:37,1
DA:38,1
DA:46,1
DA:57,1
DA:61,2
DA:62,2
DA:63,1
DA:65,1
DA:69,2
DA:70,2
DA:71,1
DA:74,1
DA:75,1
DA:76,0
DA:79,1
DA:80,1
DA:84,0
DA:85,0
DA:86,0
DA:88,0
DA:89,0
DA:91,0
DA:95,0
DA:96,0
DA:97,0
DA:99,0
DA:100,0
DA:102,0
LF:41
LH:28
BRDA:23,0,0,1
BRDA:23,0,1,3
BRDA:28,1,0,1
BRDA:28,1,1,2
BRDA:33,2,0,1
BRDA:33,2,1,1
BRDA:62,3,0,1
BRDA:62,3,1,1
BRDA:70,4,0,1
BRDA:70,4,1,1
BRDA:75,5,0,0
BRDA:75,5,1,1
BRDA:85,6,0,0
BRDA:85,6,1,0
BRDA:88,7,0,0
BRDA:88,7,1,0
BRDA:96,8,0,0
BRDA:96,8,1,0
BRDA:99,9,0,0
BRDA:99,9,1,0
BRF:20
BRH:11
end_of_record
TN:
SF:src\utils\crypto.util.ts
FN:13,(anonymous_0)
FN:30,(anonymous_1)
FN:47,(anonymous_2)
FNF:3
FNH:3
FNDA:5,(anonymous_0)
FNDA:3,(anonymous_1)
FNDA:3,(anonymous_2)
DA:1,1
DA:3,1
DA:4,1
DA:5,1
DA:13,1
DA:14,5
DA:15,5
DA:16,5
DA:18,5
DA:19,5
DA:22,5
DA:30,1
DA:31,3
DA:33,1
DA:34,1
DA:36,1
DA:37,1
DA:38,1
DA:40,1
DA:41,1
DA:43,1
DA:47,3
LF:22
LH:22
BRDA:31,0,0,2
BRDA:31,0,1,1
BRF:2
BRH:2
end_of_record
